<?xml version="1.0" encoding="UTF-8"?>
<testng-results ignored="0" total="1" passed="1" failed="0" skipped="0">
  <reporter-output>
  </reporter-output>
  <suite started-at="2024-09-15T22:31:35 EDT" name="Default suite" finished-at="2024-09-15T22:31:35 EDT" duration-ms="271">
    <groups>
      <group name="cucumber">
        <method signature="AbstractTestNGCucumberTests.runScenario(io.cucumber.testng.PickleWrapper,io.cucumber.testng.FeatureWrapper)[pri:0, instance:cucumberOptions.TestNgRunner@795509d9]" name="runScenario" class="io.cucumber.testng.AbstractTestNGCucumberTests"/>
      </group> <!-- cucumber -->
    </groups>
    <test started-at="2024-09-15T22:31:35 EDT" name="Default test" finished-at="2024-09-15T22:31:35 EDT" duration-ms="271">
      <class name="cucumberOptions.TestNgRunner">
        <test-method is-config="true" signature="setUpClass(org.testng.ITestContext)[pri:0, instance:cucumberOptions.TestNgRunner@795509d9]" started-at="2024-09-15T22:31:35 EDT" name="setUpClass" finished-at="2024-09-15T22:31:35 EDT" duration-ms="165" status="PASS">
          <params>
            <param index="0">
              <value>
                <![CDATA[org.testng.TestRunner@2c104774]]>
              </value>
            </param>
          </params>
          <reporter-output>
          </reporter-output>
        </test-method> <!-- setUpClass -->
        <test-method signature="runScenario(io.cucumber.testng.PickleWrapper,io.cucumber.testng.FeatureWrapper)[pri:0, instance:cucumberOptions.TestNgRunner@795509d9]" started-at="2024-09-15T22:31:35 EDT" name="runScenario" description="Runs Cucumber Scenarios" data-provider="scenarios" finished-at="2024-09-15T22:31:35 EDT" duration-ms="64" status="PASS">
          <params>
            <param index="0">
              <value>
                <![CDATA["User login"]]>
              </value>
            </param>
            <param index="1">
              <value>
                <![CDATA["Application login"]]>
              </value>
            </param>
          </params>
          <reporter-output>
          </reporter-output>
        </test-method> <!-- runScenario -->
        <test-method is-config="true" signature="tearDownClass()[pri:0, instance:cucumberOptions.TestNgRunner@795509d9]" started-at="2024-09-15T22:31:35 EDT" name="tearDownClass" finished-at="2024-09-15T22:31:35 EDT" duration-ms="2" status="PASS">
          <reporter-output>
          </reporter-output>
        </test-method> <!-- tearDownClass -->
      </class> <!-- cucumberOptions.TestNgRunner -->
    </test> <!-- Default test -->
  </suite> <!-- Default suite -->
</testng-results>
